C51 COMPILER V9.54   MAIN                                                                  04/25/2023 20:12:18 PAGE 1   


C51 COMPILER V9.54, COMPILATION OF MODULE MAIN
OBJECT MODULE PLACED IN .\Objects\main.obj
COMPILER INVOKED BY: E:\51\C51\BIN\C51.EXE main.c OPTIMIZE(8,SPEED) BROWSE INCDIR(E:\51\C51\INC\Atmel) DEBUG OBJECTEXTEN
                    -D PRINT(.\Listings\main.lst) OBJECT(.\Objects\main.obj)

line level    source

   1          #include <REGX52.H>
   2          #include "LCD1602.h"
   3          #include "Timer0.h"
   4          
   5          extern int time;
   6          
   7          void main()
   8          {
   9   1              int hour;
  10   1              int minute;
  11   1              int second;
  12   1              Timer0_Init();
  13   1              LCD_Init();
  14   1              LCD_ShowString(1,1,"Time:");
  15   1              while(1)
  16   1              {
  17   2                      hour = time / 3600;
  18   2                      minute = time / 60 - hour * 60;
  19   2                      second = time % 60;
  20   2                      LCD_ShowNum(2,1,hour,2);
  21   2                      LCD_ShowChar(2,3,':');
  22   2                      LCD_ShowNum(2,4,minute,2);
  23   2                      LCD_ShowChar(2,6,':');
  24   2                      LCD_ShowNum(2,7,second,2);
  25   2              }
  26   1      }


MODULE INFORMATION:   STATIC OVERLAYABLE
   CODE SIZE        =    142    ----
   CONSTANT SIZE    =      6    ----
   XDATA SIZE       =   ----    ----
   PDATA SIZE       =   ----    ----
   DATA SIZE        =   ----       6
   IDATA SIZE       =   ----    ----
   BIT SIZE         =   ----    ----
END OF MODULE INFORMATION.


C51 COMPILATION COMPLETE.  0 WARNING(S),  0 ERROR(S)
