C51 COMPILER V9.54   TIMER0                                                                04/25/2023 20:12:18 PAGE 1   


C51 COMPILER V9.54, COMPILATION OF MODULE TIMER0
OBJECT MODULE PLACED IN .\Objects\Timer0.obj
COMPILER INVOKED BY: E:\51\C51\BIN\C51.EXE Timer0.c OPTIMIZE(8,SPEED) BROWSE INCDIR(E:\51\C51\INC\Atmel) DEBUG OBJECTEXT
                    -END PRINT(.\Listings\Timer0.lst) OBJECT(.\Objects\Timer0.obj)

line level    source

   1          #include <REGX52.H>
   2          
   3          int timeCount = 0;
   4          int time = 0;
   5          
   6          void Timer0_Init(void)          
   7          {
   8   1                                      
   9   1              TMOD &= 0xF0;                   
  10   1              TMOD |= 0x01;                   
  11   1              TL0 = 0x66;                             
  12   1              TH0 = 0xFC;                             
  13   1              TF0 = 0;                                
  14   1              TR0 = 1;                                
  15   1              
  16   1              PT0 = 0;
  17   1              EA = 1;
  18   1              ET0 = 1;
  19   1      }
  20          
  21          
  22          
  23          void Timer0_Routine()   interrupt 1
  24          {
  25   1              TL0 = 0x66;                             
  26   1              TH0 = 0xFC;     
  27   1              timeCount++;
  28   1              if(timeCount >= 1000)
  29   1              {
  30   2                      time++;
  31   2                      timeCount = 0;
  32   2              }
  33   1      
  34   1      }


MODULE INFORMATION:   STATIC OVERLAYABLE
   CODE SIZE        =     71    ----
   CONSTANT SIZE    =   ----    ----
   XDATA SIZE       =   ----    ----
   PDATA SIZE       =   ----    ----
   DATA SIZE        =      4    ----
   IDATA SIZE       =   ----    ----
   BIT SIZE         =   ----    ----
END OF MODULE INFORMATION.


C51 COMPILATION COMPLETE.  0 WARNING(S),  0 ERROR(S)
