C51 COMPILER V9.54   MAIN                                                                  04/04/2023 19:55:13 PAGE 1   


C51 COMPILER V9.54, COMPILATION OF MODULE MAIN
OBJECT MODULE PLACED IN .\Objects\main.obj
COMPILER INVOKED BY: E:\51\C51\BIN\C51.EXE main.c OPTIMIZE(8,SPEED) BROWSE INCDIR(..\Function\delay) DEBUG OBJECTEXTEND 
                    -PRINT(.\Listings\main.lst) OBJECT(.\Objects\main.obj)

line level    source

   1          #include <STC89C5xRC.H>
   2          #include "Delay.h"
   3          
   4          void main()
   5          {
   6   1              unsigned char LEDNum = 0x80;
   7   1              while(1)
   8   1              {
   9   2                      if(P31==0)
  10   2                      {
  11   3                              Delay(20);
  12   3                              while(P31==0);
  13   3                              Delay(5);
  14   3                              
  15   3                              P2 = ~LEDNum;
  16   3                              LEDNum = LEDNum >> 1;
  17   3                              if(!LEDNum)
  18   3                              {
  19   4                                      LEDNum = 0x80;
  20   4                              }
  21   3                      }
  22   2              }
  23   1      }


MODULE INFORMATION:   STATIC OVERLAYABLE
   CODE SIZE        =     41    ----
   CONSTANT SIZE    =   ----    ----
   XDATA SIZE       =   ----    ----
   PDATA SIZE       =   ----    ----
   DATA SIZE        =   ----       1
   IDATA SIZE       =   ----    ----
   BIT SIZE         =   ----    ----
END OF MODULE INFORMATION.


C51 COMPILATION COMPLETE.  0 WARNING(S),  0 ERROR(S)
