C51 COMPILER V9.54   MAIN                                                                  04/04/2023 09:40:03 PAGE 1   


C51 COMPILER V9.54, COMPILATION OF MODULE MAIN
OBJECT MODULE PLACED IN .\Objects\main.obj
COMPILER INVOKED BY: E:\51\C51\BIN\C51.EXE main.c OPTIMIZE(8,SPEED) BROWSE DEBUG OBJECTEXTEND PRINT(.\Listings\main.lst)
                    - OBJECT(.\Objects\main.obj)

line level    source

   1          #include <STC89C5xRC.H>
   2          #include <INTRINS.H>
   3          
   4          void Delay(unsigned int x)
   5          {
   6   1              unsigned char i, j;
   7   1      
   8   1              for(;x;x--)
   9   1              {
  10   2                      _nop_();
  11   2                      i = 2;
  12   2                      j = 199;
  13   2                      do
  14   2                      {
  15   3                              while (--j);
  16   3                      } while (--i);
  17   2              }
  18   1      }
  19          
  20          unsigned char reverseBit(unsigned char num)
  21          {
  22   1              unsigned char result = 0;
  23   1              int i = 0;
  24   1              unsigned char judge = 0x80;
  25   1              for(;i < 8;i++)
  26   1              {
  27   2                      result = result >> 1;
  28   2                      if(num&judge)
  29   2                      {
  30   3                              result=result|0x80;
  31   3                      }
  32   2                      judge = judge >> 1;
  33   2              }
  34   1              return result;
  35   1      }
  36          
  37          void main()
  38          {
  39   1              unsigned char LEDNum = 0;
  40   1              while(1)
  41   1              {
  42   2                      if(P31 == 0)
  43   2                      {
  44   3                              Delay(20);
  45   3                              while(P31 == 0);
  46   3                              Delay(5);
  47   3                              LEDNum++;
  48   3                              P2 = ~reverseBit(LEDNum);
  49   3                      }
  50   2              }
  51   1      }


MODULE INFORMATION:   STATIC OVERLAYABLE
C51 COMPILER V9.54   MAIN                                                                  04/04/2023 09:40:03 PAGE 2   

   CODE SIZE        =     90    ----
   CONSTANT SIZE    =   ----    ----
   XDATA SIZE       =   ----    ----
   PDATA SIZE       =   ----    ----
   DATA SIZE        =   ----    ----
   IDATA SIZE       =   ----    ----
   BIT SIZE         =   ----    ----
END OF MODULE INFORMATION.


C51 COMPILATION COMPLETE.  0 WARNING(S),  0 ERROR(S)
