C51 COMPILER V9.54   DELAY                                                                 04/22/2023 15:27:11 PAGE 1   


C51 COMPILER V9.54, COMPILATION OF MODULE DELAY
OBJECT MODULE PLACED IN .\Objects\Delay.obj
COMPILER INVOKED BY: E:\51\C51\BIN\C51.EXE Delay.c OPTIMIZE(8,SPEED) BROWSE INCDIR(E:\51\C51\INC\Atmel) DEBUG OBJECTEXTE
                    -ND PRINT(.\Listings\Delay.lst) OBJECT(.\Objects\Delay.obj)

line level    source

   1          #include "Delay.h"
   2          #include <INTRINS.H>
   3          
   4          void Delay(unsigned int x)
   5          {
   6   1              unsigned char i, j;
   7   1      
   8   1              for(;x;x--)
   9   1              {
  10   2                      _nop_();
  11   2                      i = 2;
  12   2                      j = 199;
  13   2                      do
  14   2                      {
  15   3                              while (--j);
  16   3                      } while (--i);
  17   2              }
  18   1      }


MODULE INFORMATION:   STATIC OVERLAYABLE
   CODE SIZE        =     21    ----
   CONSTANT SIZE    =   ----    ----
   XDATA SIZE       =   ----    ----
   PDATA SIZE       =   ----    ----
   DATA SIZE        =   ----    ----
   IDATA SIZE       =   ----    ----
   BIT SIZE         =   ----    ----
END OF MODULE INFORMATION.


C51 COMPILATION COMPLETE.  0 WARNING(S),  0 ERROR(S)
