C51 COMPILER V9.54   MAIN                                                                  05/08/2023 20:42:19 PAGE 1   


C51 COMPILER V9.54, COMPILATION OF MODULE MAIN
OBJECT MODULE PLACED IN .\Objects\main.obj
COMPILER INVOKED BY: E:\51\C51\BIN\C51.EXE main.c OPTIMIZE(8,SPEED) BROWSE INCDIR(E:\51\C51\INC\Atmel) DEBUG OBJECTEXTEN
                    -D PRINT(.\Listings\main.lst) OBJECT(.\Objects\main.obj)

line level    source

   1          #include <REGX52.H>
   2          #include "UART.h"
   3          
   4          void main()
   5          {
   6   1              UART_Init();
   7   1              while(1)
   8   1              {
   9   2                      
  10   2              }
  11   1      }
  12          
  13          void UART_Routine()  interrupt 4
  14          {
  15   1              if(RI == 1)
  16   1              {
  17   2                      //unsigned RX = SBUF;
  18   2                      UART_Transmit(SBUF);
  19   2                      RI = 0;
  20   2              }
  21   1      }


MODULE INFORMATION:   STATIC OVERLAYABLE
   CODE SIZE        =     71    ----
   CONSTANT SIZE    =   ----    ----
   XDATA SIZE       =   ----    ----
   PDATA SIZE       =   ----    ----
   DATA SIZE        =   ----    ----
   IDATA SIZE       =   ----    ----
   BIT SIZE         =   ----    ----
END OF MODULE INFORMATION.


C51 COMPILATION COMPLETE.  0 WARNING(S),  0 ERROR(S)
