C51 COMPILER V9.54   MAIN                                                                  04/06/2023 22:30:13 PAGE 1   


C51 COMPILER V9.54, COMPILATION OF MODULE MAIN
OBJECT MODULE PLACED IN .\Objects\main.obj
COMPILER INVOKED BY: E:\51\C51\BIN\C51.EXE main.c OPTIMIZE(8,SPEED) BROWSE INCDIR(..\Function\delay) DEBUG OBJECTEXTEND 
                    -PRINT(.\Listings\main.lst) OBJECT(.\Objects\main.obj)

line level    source

   1          #include <STC89C5xRC.H>
   2          #include <Delay.h>
   3          
   4          unsigned char NUM[] = {0X3F, 0X06, 0X5B, 0X4F, 0X66, 0X6D, 0X7D, 0X07, 0X7F, 0X6F};
   5          
   6          void Nixie(int LEDNum,int num)
   7          {
   8   1              switch(LEDNum)
   9   1              {
  10   2                      case 1:P24 = 1;P23 = 1;P22 = 1;break;
  11   2                      case 2:P24 = 1;P23 = 1;P22 = 0;break;
  12   2                      case 3:P24 = 1;P23 = 0;P22 = 1;break;
  13   2                      case 4:P24 = 1;P23 = 0;P22 = 0;break;
  14   2                      case 5:P24 = 0;P23 = 1;P22 = 1;break;
  15   2                      case 6:P24 = 0;P23 = 1;P22 = 0;break;
  16   2                      case 7:P24 = 0;P23 = 0;P22 = 1;break;
  17   2                      case 8:P24 = 0;P23 = 0;P22 = 0;break;
  18   2              }
  19   1              P0 = NUM[num];
  20   1              Delay(5);
  21   1      }
  22          
  23          void main()
  24          {
  25   1              while(1)
  26   1              {
  27   2                      Nixie(2, 6);
  28   2              }
  29   1      }


MODULE INFORMATION:   STATIC OVERLAYABLE
   CODE SIZE        =    121    ----
   CONSTANT SIZE    =   ----    ----
   XDATA SIZE       =   ----    ----
   PDATA SIZE       =   ----    ----
   DATA SIZE        =     10    ----
   IDATA SIZE       =   ----    ----
   BIT SIZE         =   ----    ----
END OF MODULE INFORMATION.


C51 COMPILATION COMPLETE.  0 WARNING(S),  0 ERROR(S)
