C51 COMPILER V9.54   NIXIE                                                                 04/06/2023 22:57:50 PAGE 1   


C51 COMPILER V9.54, COMPILATION OF MODULE NIXIE
OBJECT MODULE PLACED IN .\Objects\Nixie.obj
COMPILER INVOKED BY: E:\51\C51\BIN\C51.EXE ..\Function\Nixie\Nixie.c OPTIMIZE(8,SPEED) BROWSE INCDIR(..\Function\delay;.
                    -.\Function\Nixie) DEBUG OBJECTEXTEND PRINT(.\Listings\Nixie.lst) OBJECT(.\Objects\Nixie.obj)

line level    source

   1          #include <STC89C5xRC.H>
   2          #include "Nixie.h"
   3          #include "Delay.h"
   4          
   5          
   6          void Nixie(int LEDNum,int num)
   7          {
   8   1              unsigned char NUM[] = {0X3F, 0X06, 0X5B, 0X4F, 0X66, 0X6D, 0X7D, 0X07, 0X7F, 0X6F};
   9   1              switch(LEDNum)
  10   1              {
  11   2                      case 1:P24 = 1;P23 = 1;P22 = 1;break;
  12   2                      case 2:P24 = 1;P23 = 1;P22 = 0;break;
  13   2                      case 3:P24 = 1;P23 = 0;P22 = 1;break;
  14   2                      case 4:P24 = 1;P23 = 0;P22 = 0;break;
  15   2                      case 5:P24 = 0;P23 = 1;P22 = 1;break;
  16   2                      case 6:P24 = 0;P23 = 1;P22 = 0;break;
  17   2                      case 7:P24 = 0;P23 = 0;P22 = 1;break;
  18   2                      case 8:P24 = 0;P23 = 0;P22 = 0;break;
  19   2              }
  20   1              P0 = NUM[num];
  21   1              Delay(5);
  22   1      }


MODULE INFORMATION:   STATIC OVERLAYABLE
   CODE SIZE        =    138    ----
   CONSTANT SIZE    =     10    ----
   XDATA SIZE       =   ----    ----
   PDATA SIZE       =   ----    ----
   DATA SIZE        =   ----      14
   IDATA SIZE       =   ----    ----
   BIT SIZE         =   ----    ----
END OF MODULE INFORMATION.


C51 COMPILATION COMPLETE.  0 WARNING(S),  0 ERROR(S)
