C51 COMPILER V9.54   TIMER0                                                                04/25/2023 19:22:24 PAGE 1   


C51 COMPILER V9.54, COMPILATION OF MODULE TIMER0
OBJECT MODULE PLACED IN .\Objects\Timer0.obj
COMPILER INVOKED BY: E:\51\C51\BIN\C51.EXE Timer0.c OPTIMIZE(8,SPEED) BROWSE INCDIR(E:\51\C51\INC\Atmel) DEBUG OBJECTEXT
                    -END PRINT(.\Listings\Timer0.lst) OBJECT(.\Objects\Timer0.obj)

line level    source

   1          #include <REGX52.H>
   2          
   3          //void Timer0_init()
   4          //{
   5          //      //设置工作模式
   6          //      TMOD &= 0XF0;
   7          //      TMOD |= 0X01;
   8          //      TR0 = 1;
   9          //      //中断优先级设置
  10          //      PT0H = 0;
  11          //      PT0 = 0;
  12          //      //设置TH0,TL0初始数据
  13          //      TH0 = 64535 / 256;
  14          //      TL0 = 64535 % 256 + 1;
  15          //      //中断允许
  16          //      EA = 1;
  17          //      ET0 = 1;
  18          //}
  19          static int time = 0;
  20          
  21          void Timer0_Init(void)          
  22          {
  23   1                                      
  24   1              TMOD &= 0xF0;                   
  25   1              TMOD |= 0x01;                   
  26   1              TL0 = 0x66;                             
  27   1              TH0 = 0xFC;                             
  28   1              TF0 = 0;                                
  29   1              TR0 = 1;                                
  30   1              
  31   1              PT0 = 0;
  32   1              EA = 1;
  33   1              ET0 = 1;
  34   1      }
  35          
  36          
  37          
  38          void Timer0_Routine()   interrupt 1
  39          {
  40   1              //static int time;
  41   1              TL0 = 0x66;                             
  42   1              TH0 = 0xFC;     
  43   1              time++;
  44   1              if(time >= 1000)
  45   1              {
  46   2                      P2_0 = ~P2_0;
  47   2                      time = 0;
  48   2              }
  49   1      //      TL0 = 0xCD;                             
  50   1      //      TH0 = 0xD4;
  51   1      }


MODULE INFORMATION:   STATIC OVERLAYABLE
C51 COMPILER V9.54   TIMER0                                                                04/25/2023 19:22:24 PAGE 2   

   CODE SIZE        =     65    ----
   CONSTANT SIZE    =   ----    ----
   XDATA SIZE       =   ----    ----
   PDATA SIZE       =   ----    ----
   DATA SIZE        =      2    ----
   IDATA SIZE       =   ----    ----
   BIT SIZE         =   ----    ----
END OF MODULE INFORMATION.


C51 COMPILATION COMPLETE.  0 WARNING(S),  0 ERROR(S)
