C51 COMPILER V9.54   UART                                                                  05/08/2023 19:53:09 PAGE 1   


C51 COMPILER V9.54, COMPILATION OF MODULE UART
OBJECT MODULE PLACED IN .\Objects\UART.obj
COMPILER INVOKED BY: E:\51\C51\BIN\C51.EXE UART.c OPTIMIZE(8,SPEED) BROWSE INCDIR(E:\51\C51\INC\Atmel) DEBUG OBJECTEXTEN
                    -D PRINT(.\Listings\UART.lst) OBJECT(.\Objects\UART.obj)

line level    source

   1          #include <REGX52.H>
   2          
   3          void UART_Init()        //UART初始化，模式1，波特率9600，有接收,定时器1模式2
   4          {
   5   1              PCON &= 0x7F;           
   6   1              SCON = 0x50;            
   7   1              TMOD &= 0x0F;           
   8   1              TMOD |= 0x20;           
   9   1              TL1 = 0xFD;                     
  10   1              TH1 = 0xFD;                     
  11   1              ET1 = 0;                        
  12   1              TR1 = 1;                                        
  13   1      }
  14          
  15          //void UartInit(void)           //9600bps@11.0592MHz
  16          //{
  17          //      SCON = 0X70;
  18          //      PCON |= 0X80;
  19          //      TMOD &= 0x0F;   
  20          //      TMOD |= 0x10;
  21          //      TL1 = 0xE8;                     
  22          //      TH1 = 0xFF;                     
  23          //      ET1 = 0;                        
  24          //      TR1 = 1;        
  25          //}
  26          
  27          
  28          
  29          void UART_Transmit(unsigned char Byte)
  30          {
  31   1              SBUF = Byte;
  32   1              while(TI == 0);
  33   1              TI = 0;
  34   1      //      TL1 = 0xE8;                     
  35   1      //      TH1 = 0xFF;     
  36   1      }


MODULE INFORMATION:   STATIC OVERLAYABLE
   CODE SIZE        =     31    ----
   CONSTANT SIZE    =   ----    ----
   XDATA SIZE       =   ----    ----
   PDATA SIZE       =   ----    ----
   DATA SIZE        =   ----    ----
   IDATA SIZE       =   ----    ----
   BIT SIZE         =   ----    ----
END OF MODULE INFORMATION.


C51 COMPILATION COMPLETE.  0 WARNING(S),  0 ERROR(S)
